2021-09-05 13:08:12.743 [main] ERROR  -
					log test
2021-09-05 13:08:12.766 [main] WARN   -
					log test2
2021-09-05 13:08:12.766 [main] TRACE  -
					log test3
2021-09-05 13:08:12.767 [main] DEBUG  -
					log test4
2021-09-05 13:08:12.768 [main] ERROR mylogger -
					log test 2
java.lang.Exception: Test Exception
	at by.news.bean.TestLog.main(TestLog.java:16) [classes/:?]
2021-09-05 13:16:20.302 [main] ERROR  -
					log test
2021-09-05 13:16:20.310 [main] WARN   -
					log test2
2021-09-05 13:16:20.311 [main] TRACE  -
					log test3
2021-09-05 13:16:20.311 [main] DEBUG  -
					log test4
2021-09-05 13:16:20.312 [main] ERROR mylogger -
					log test 2
java.lang.Exception: Test Exception
	at by.news.bean.TestLog.main(TestLog.java:16) [classes/:?]
